# JRE version: OpenJDK Runtime Environment Temurin-21.0.10+7 (21.0.10+7) (build 21.0.10+7-LTS)
# Java VM: OpenJDK 64-Bit Server VM Temurin-21.0.10+7 (21.0.10+7-LTS, mixed mode, sharing, tiered, compressed oops, compressed class ptrs, parallel gc, windows-amd64)
GC Precious Log:
 CardTable entry size: 512
 CPUs: 12 total, 12 available
 Memory: 5996M
 Large Page Support: Disabled
 NUMA Support: Disabled
 Compressed Oops: Enabled (32-bit)
 Alignments: Space 512K, Generation 512K, Heap 2M
 Heap Min Capacity: 100M
 Heap Initial Capacity: 100M
 Heap Max Capacity: 2G
 Pre-touch: Disabled
 Parallel Workers: 10
Heap:
 PSYoungGen      total 4096K, used 1518K [0x00000000d5580000, 0x00000000d5b00000, 0x0000000100000000)
  eden space 3584K, 28% used [0x00000000d5580000,0x00000000d56838e8,0x00000000d5900000)
  from space 512K, 93% used [0x00000000d5a80000,0x00000000d5af8000,0x00000000d5b00000)
  to   space 1024K, 0% used [0x00000000d5900000,0x00000000d5900000,0x00000000d5a00000)
 ParOldGen       total 326656K, used 326633K [0x0000000080000000, 0x0000000093f00000, 0x00000000d5580000)
  object space 326656K, 99% used [0x0000000080000000,0x0000000093efa4e8,0x0000000093f00000)
 Metaspace       used 90831K, committed 92992K, reserved 1179648K
  class space    used 9059K, committed 10112K, reserved 1048576K
GC Heap History (20 events):
Event: 2219.376 GC heap before
{Heap before GC invocations=8631 (full 10):
 PSYoungGen      total 4608K, used 3980K [0x00000000d5580000, 0x00000000d5e80000, 0x0000000100000000)
  eden space 3584K, 82% used [0x00000000d5580000,0x00000000d5865d00,0x00000000d5900000)
  from space 1024K, 98% used [0x00000000d5b80000,0x00000000d5c7d4c8,0x00000000d5c80000)
  to   space 2560K, 0% used [0x00000000d5900000,0x00000000d5900000,0x00000000d5b80000)
 ParOldGen       total 317440K, used 317171K [0x0000000080000000, 0x0000000093600000, 0x00000000d5580000)
  object space 317440K, 99% used [0x0000000080000000,0x00000000935bce70,0x0000000093600000)
 Metaspace       used 90619K, committed 92928K, reserved 1179648K
  class space    used 9035K, committed 10112K, reserved 1048576K
}
Event: 2219.379 GC heap after
{Heap after GC invocations=8631 (full 10):
 PSYoungGen      total 6144K, used 2540K [0x00000000d5580000, 0x00000000d6100000, 0x0000000100000000)
  eden space 3584K, 0% used [0x00000000d5580000,0x00000000d5580000,0x00000000d5900000)
  from space 2560K, 99% used [0x00000000d5900000,0x00000000d5b7b370,0x00000000d5b80000)
  to   space 4096K, 0% used [0x00000000d5d00000,0x00000000d5d00000,0x00000000d6100000)
 ParOldGen       total 318464K, used 318213K [0x0000000080000000, 0x0000000093700000, 0x00000000d5580000)
  object space 318464K, 99% used [0x0000000080000000,0x00000000936c1430,0x0000000093700000)
 Metaspace       used 90619K, committed 92928K, reserved 1179648K
  class space    used 9035K, committed 10112K, reserved 1048576K
}
Event: 2219.799 GC heap before
{Heap before GC invocations=8632 (full 10):
 PSYoungGen      total 6144K, used 6124K [0x00000000d5580000, 0x00000000d6100000, 0x0000000100000000)
  eden space 3584K, 100% used [0x00000000d5580000,0x00000000d5900000,0x00000000d5900000)
  from space 2560K, 99% used [0x00000000d5900000,0x00000000d5b7b370,0x00000000d5b80000)
  to   space 4096K, 0% used [0x00000000d5d00000,0x00000000d5d00000,0x00000000d6100000)
 ParOldGen       total 318464K, used 318213K [0x0000000080000000, 0x0000000093700000, 0x00000000d5580000)
  object space 318464K, 99% used [0x0000000080000000,0x00000000936c1430,0x0000000093700000)
 Metaspace       used 90619K, committed 92928K, reserved 1179648K
  class space    used 9035K, committed 10112K, reserved 1048576K
}
Event: 2219.804 GC heap after
{Heap after GC invocations=8632 (full 10):
 PSYoungGen      total 7168K, used 3144K [0x00000000d5580000, 0x00000000d6080000, 0x0000000100000000)
  eden space 3584K, 0% used [0x00000000d5580000,0x00000000d5580000,0x00000000d5900000)
  from space 3584K, 87% used [0x00000000d5d00000,0x00000000d60121c8,0x00000000d6080000)
  to   space 3584K, 0% used [0x00000000d5980000,0x00000000d5980000,0x00000000d5d00000)
 ParOldGen       total 321024K, used 320616K [0x0000000080000000, 0x0000000093980000, 0x00000000d5580000)
  object space 321024K, 99% used [0x0000000080000000,0x000000009391a120,0x0000000093980000)
 Metaspace       used 90619K, committed 92928K, reserved 1179648K
  class space    used 9035K, committed 10112K, reserved 1048576K
}
Event: 2219.864 GC heap before
{Heap before GC invocations=8633 (full 10):
 PSYoungGen      total 7168K, used 6728K [0x00000000d5580000, 0x00000000d6080000, 0x0000000100000000)
  eden space 3584K, 100% used [0x00000000d5580000,0x00000000d5900000,0x00000000d5900000)
  from space 3584K, 87% used [0x00000000d5d00000,0x00000000d60121c8,0x00000000d6080000)
  to   space 3584K, 0% used [0x00000000d5980000,0x00000000d5980000,0x00000000d5d00000)
 ParOldGen       total 321024K, used 320616K [0x0000000080000000, 0x0000000093980000, 0x00000000d5580000)
  object space 321024K, 99% used [0x0000000080000000,0x000000009391a120,0x0000000093980000)
 Metaspace       used 90619K, committed 92928K, reserved 1179648K
  class space    used 9035K, committed 10112K, reserved 1048576K
}
Event: 2219.869 GC heap after
{Heap after GC invocations=8633 (full 10):
 PSYoungGen      total 4608K, used 736K [0x00000000d5580000, 0x00000000d5d80000, 0x0000000100000000)
  eden space 3584K, 0% used [0x00000000d5580000,0x00000000d5580000,0x00000000d5900000)
  from space 1024K, 71% used [0x00000000d5980000,0x00000000d5a38000,0x00000000d5a80000)
  to   space 2048K, 0% used [0x00000000d5b80000,0x00000000d5b80000,0x00000000d5d80000)
 ParOldGen       total 324096K, used 323615K [0x0000000080000000, 0x0000000093c80000, 0x00000000d5580000)
  object space 324096K, 99% used [0x0000000080000000,0x0000000093c07d68,0x0000000093c80000)
 Metaspace       used 90619K, committed 92928K, reserved 1179648K
  class space    used 9035K, committed 10112K, reserved 1048576K
}
Event: 2251.899 GC heap before
{Heap before GC invocations=8634 (full 10):
 PSYoungGen      total 4608K, used 4320K [0x00000000d5580000, 0x00000000d5d80000, 0x0000000100000000)
  eden space 3584K, 100% used [0x00000000d5580000,0x00000000d5900000,0x00000000d5900000)
  from space 1024K, 71% used [0x00000000d5980000,0x00000000d5a38000,0x00000000d5a80000)
  to   space 2048K, 0% used [0x00000000d5b80000,0x00000000d5b80000,0x00000000d5d80000)
 ParOldGen       total 324096K, used 323615K [0x0000000080000000, 0x0000000093c80000, 0x00000000d5580000)
  object space 324096K, 99% used [0x0000000080000000,0x0000000093c07d68,0x0000000093c80000)
 Metaspace       used 90625K, committed 92992K, reserved 1179648K
  class space    used 9035K, committed 10112K, reserved 1048576K
}
Event: 2251.935 GC heap after
{Heap after GC invocations=8634 (full 10):
 PSYoungGen      total 4096K, used 512K [0x00000000d5580000, 0x00000000d5c00000, 0x0000000100000000)
  eden space 3584K, 0% used [0x00000000d5580000,0x00000000d5580000,0x00000000d5900000)
  from space 512K, 100% used [0x00000000d5b80000,0x00000000d5c00000,0x00000000d5c00000)
  to   space 1024K, 0% used [0x00000000d5a00000,0x00000000d5a00000,0x00000000d5b00000)
 ParOldGen       total 324608K, used 324179K [0x0000000080000000, 0x0000000093d00000, 0x00000000d5580000)
  object space 324608K, 99% used [0x0000000080000000,0x0000000093c94d98,0x0000000093d00000)
 Metaspace       used 90625K, committed 92992K, reserved 1179648K
  class space    used 9035K, committed 10112K, reserved 1048576K
}
Event: 2271.243 GC heap before
{Heap before GC invocations=8635 (full 10):
 PSYoungGen      total 4096K, used 4096K [0x00000000d5580000, 0x00000000d5c00000, 0x0000000100000000)
  eden space 3584K, 100% used [0x00000000d5580000,0x00000000d5900000,0x00000000d5900000)
  from space 512K, 100% used [0x00000000d5b80000,0x00000000d5c00000,0x00000000d5c00000)
  to   space 1024K, 0% used [0x00000000d5a00000,0x00000000d5a00000,0x00000000d5b00000)
 ParOldGen       total 324608K, used 324179K [0x0000000080000000, 0x0000000093d00000, 0x00000000d5580000)
  object space 324608K, 99% used [0x0000000080000000,0x0000000093c94d98,0x0000000093d00000)
 Metaspace       used 90641K, committed 92992K, reserved 1179648K
  class space    used 9035K, committed 10112K, reserved 1048576K
}
Event: 2271.278 GC heap after
{Heap after GC invocations=8635 (full 10):
 PSYoungGen      total 4608K, used 714K [0x00000000d5580000, 0x00000000d5c00000, 0x0000000100000000)
  eden space 3584K, 0% used [0x00000000d5580000,0x00000000d5580000,0x00000000d5900000)
  from space 1024K, 69% used [0x00000000d5a00000,0x00000000d5ab2930,0x00000000d5b00000)
  to   space 1024K, 0% used [0x00000000d5b00000,0x00000000d5b00000,0x00000000d5c00000)
 ParOldGen       total 324608K, used 324555K [0x0000000080000000, 0x0000000093d00000, 0x00000000d5580000)
  object space 324608K, 99% used [0x0000000080000000,0x0000000093cf2db8,0x0000000093d00000)
 Metaspace       used 90641K, committed 92992K, reserved 1179648K
  class space    used 9035K, committed 10112K, reserved 1048576K
}
Event: 2271.492 GC heap before
{Heap before GC invocations=8636 (full 10):
 PSYoungGen      total 4608K, used 4298K [0x00000000d5580000, 0x00000000d5c00000, 0x0000000100000000)
  eden space 3584K, 100% used [0x00000000d5580000,0x00000000d5900000,0x00000000d5900000)
  from space 1024K, 69% used [0x00000000d5a00000,0x00000000d5ab2930,0x00000000d5b00000)
  to   space 1024K, 0% used [0x00000000d5b00000,0x00000000d5b00000,0x00000000d5c00000)
 ParOldGen       total 324608K, used 324555K [0x0000000080000000, 0x0000000093d00000, 0x00000000d5580000)
  object space 324608K, 99% used [0x0000000080000000,0x0000000093cf2db8,0x0000000093d00000)
 Metaspace       used 90641K, committed 92992K, reserved 1179648K
  class space    used 9035K, committed 10112K, reserved 1048576K
}
Event: 2271.498 GC heap after
{Heap after GC invocations=8636 (full 10):
 PSYoungGen      total 4096K, used 448K [0x00000000d5580000, 0x00000000d5b80000, 0x0000000100000000)
  eden space 3584K, 0% used [0x00000000d5580000,0x00000000d5580000,0x00000000d5900000)
  from space 512K, 87% used [0x00000000d5b00000,0x00000000d5b70000,0x00000000d5b80000)
  to   space 1024K, 0% used [0x00000000d5980000,0x00000000d5980000,0x00000000d5a80000)
 ParOldGen       total 325120K, used 325060K [0x0000000080000000, 0x0000000093d80000, 0x00000000d5580000)
  object space 325120K, 99% used [0x0000000080000000,0x0000000093d71278,0x0000000093d80000)
 Metaspace       used 90641K, committed 92992K, reserved 1179648K
  class space    used 9035K, committed 10112K, reserved 1048576K
}
Event: 2271.614 GC heap before
{Heap before GC invocations=8637 (full 10):
 PSYoungGen      total 4096K, used 4032K [0x00000000d5580000, 0x00000000d5b80000, 0x0000000100000000)
  eden space 3584K, 100% used [0x00000000d5580000,0x00000000d5900000,0x00000000d5900000)
  from space 512K, 87% used [0x00000000d5b00000,0x00000000d5b70000,0x00000000d5b80000)
  to   space 1024K, 0% used [0x00000000d5980000,0x00000000d5980000,0x00000000d5a80000)
 ParOldGen       total 325120K, used 325060K [0x0000000080000000, 0x0000000093d80000, 0x00000000d5580000)
  object space 325120K, 99% used [0x0000000080000000,0x0000000093d71278,0x0000000093d80000)
 Metaspace       used 90641K, committed 92992K, reserved 1179648K
  class space    used 9035K, committed 10112K, reserved 1048576K
}
Event: 2271.624 GC heap after
{Heap after GC invocations=8637 (full 10):
 PSYoungGen      total 4608K, used 512K [0x00000000d5580000, 0x00000000d5b80000, 0x0000000100000000)
  eden space 3584K, 0% used [0x00000000d5580000,0x00000000d5580000,0x00000000d5900000)
  from space 1024K, 50% used [0x00000000d5980000,0x00000000d5a00000,0x00000000d5a80000)
  to   space 1024K, 0% used [0x00000000d5a80000,0x00000000d5a80000,0x00000000d5b80000)
 ParOldGen       total 325632K, used 325368K [0x0000000080000000, 0x0000000093e00000, 0x00000000d5580000)
  object space 325632K, 99% used [0x0000000080000000,0x0000000093dbe288,0x0000000093e00000)
 Metaspace       used 90641K, committed 92992K, reserved 1179648K
  class space    used 9035K, committed 10112K, reserved 1048576K
}
Event: 2282.206 GC heap before
{Heap before GC invocations=8638 (full 10):
 PSYoungGen      total 4608K, used 4096K [0x00000000d5580000, 0x00000000d5b80000, 0x0000000100000000)
  eden space 3584K, 100% used [0x00000000d5580000,0x00000000d5900000,0x00000000d5900000)
  from space 1024K, 50% used [0x00000000d5980000,0x00000000d5a00000,0x00000000d5a80000)
  to   space 1024K, 0% used [0x00000000d5a80000,0x00000000d5a80000,0x00000000d5b80000)
 ParOldGen       total 325632K, used 325368K [0x0000000080000000, 0x0000000093e00000, 0x00000000d5580000)
  object space 325632K, 99% used [0x0000000080000000,0x0000000093dbe288,0x0000000093e00000)
 Metaspace       used 90824K, committed 92992K, reserved 1179648K
  class space    used 9059K, committed 10112K, reserved 1048576K
}
Event: 2282.217 GC heap after
{Heap after GC invocations=8638 (full 10):
 PSYoungGen      total 4608K, used 544K [0x00000000d5580000, 0x00000000d5b80000, 0x0000000100000000)
  eden space 3584K, 0% used [0x00000000d5580000,0x00000000d5580000,0x00000000d5900000)
  from space 1024K, 53% used [0x00000000d5a80000,0x00000000d5b08000,0x00000000d5b80000)
  to   space 1024K, 0% used [0x00000000d5980000,0x00000000d5980000,0x00000000d5a80000)
 ParOldGen       total 326144K, used 325720K [0x0000000080000000, 0x0000000093e80000, 0x00000000d5580000)
  object space 326144K, 99% used [0x0000000080000000,0x0000000093e162c8,0x0000000093e80000)
 Metaspace       used 90824K, committed 92992K, reserved 1179648K
  class space    used 9059K, committed 10112K, reserved 1048576K
}
Event: 2282.280 GC heap before
{Heap before GC invocations=8639 (full 10):
 PSYoungGen      total 4608K, used 4128K [0x00000000d5580000, 0x00000000d5b80000, 0x0000000100000000)
  eden space 3584K, 100% used [0x00000000d5580000,0x00000000d5900000,0x00000000d5900000)
  from space 1024K, 53% used [0x00000000d5a80000,0x00000000d5b08000,0x00000000d5b80000)
  to   space 1024K, 0% used [0x00000000d5980000,0x00000000d5980000,0x00000000d5a80000)
 ParOldGen       total 326144K, used 325720K [0x0000000080000000, 0x0000000093e80000, 0x00000000d5580000)
  object space 326144K, 99% used [0x0000000080000000,0x0000000093e162c8,0x0000000093e80000)
 Metaspace       used 90824K, committed 92992K, reserved 1179648K
  class space    used 9059K, committed 10112K, reserved 1048576K
}
Event: 2282.283 GC heap after
{Heap after GC invocations=8639 (full 10):
 PSYoungGen      total 4608K, used 644K [0x00000000d5580000, 0x00000000d5b00000, 0x0000000100000000)
  eden space 3584K, 0% used [0x00000000d5580000,0x00000000d5580000,0x00000000d5900000)
  from space 1024K, 62% used [0x00000000d5980000,0x00000000d5a21210,0x00000000d5a80000)
  to   space 512K, 0% used [0x00000000d5a80000,0x00000000d5a80000,0x00000000d5b00000)
 ParOldGen       total 326144K, used 326108K [0x0000000080000000, 0x0000000093e80000, 0x00000000d5580000)
  object space 326144K, 99% used [0x0000000080000000,0x0000000093e772d8,0x0000000093e80000)
 Metaspace       used 90824K, committed 92992K, reserved 1179648K
  class space    used 9059K, committed 10112K, reserved 1048576K
}
Event: 2282.298 GC heap before
{Heap before GC invocations=8640 (full 10):
 PSYoungGen      total 4608K, used 4228K [0x00000000d5580000, 0x00000000d5b00000, 0x0000000100000000)
  eden space 3584K, 100% used [0x00000000d5580000,0x00000000d5900000,0x00000000d5900000)
  from space 1024K, 62% used [0x00000000d5980000,0x00000000d5a21210,0x00000000d5a80000)
  to   space 512K, 0% used [0x00000000d5a80000,0x00000000d5a80000,0x00000000d5b00000)
 ParOldGen       total 326144K, used 326108K [0x0000000080000000, 0x0000000093e80000, 0x00000000d5580000)
  object space 326144K, 99% used [0x0000000080000000,0x0000000093e772d8,0x0000000093e80000)
 Metaspace       used 90824K, committed 92992K, reserved 1179648K
  class space    used 9059K, committed 10112K, reserved 1048576K
}
Event: 2282.302 GC heap after
{Heap after GC invocations=8640 (full 10):
 PSYoungGen      total 4096K, used 480K [0x00000000d5580000, 0x00000000d5b00000, 0x0000000100000000)
  eden space 3584K, 0% used [0x00000000d5580000,0x00000000d5580000,0x00000000d5900000)
  from space 512K, 93% used [0x00000000d5a80000,0x00000000d5af8000,0x00000000d5b00000)
  to   space 1024K, 0% used [0x00000000d5900000,0x00000000d5900000,0x00000000d5a00000)
 ParOldGen       total 326656K, used 326633K [0x0000000080000000, 0x0000000093f00000, 0x00000000d5580000)
  object space 326656K, 99% used [0x0000000080000000,0x0000000093efa4e8,0x0000000093f00000)
 Metaspace       used 90824K, committed 92992K, reserved 1179648K
  class space    used 9059K, committed 10112K, reserved 1048576K
}

